<?xml version="1.0" encoding="UTF-8"?>
<testsuite name="HibernateExampleTest" tests="1" skipped="0" failures="0" errors="0" timestamp="2024-07-15T16:57:33" hostname="AEGON" time="1.703">
  <properties/>
  <testcase name="savePerson()" classname="HibernateExampleTest" time="1.703"/>
  <system-out><![CDATA[Hibernate: 
    insert 
    into
        people
        (email, name) 
    values
        (?, ?) 
    returning id
]]></system-out>
  <system-err><![CDATA[Jul 15, 2024 12:57:33 PM org.hibernate.Version logVersion
INFO: HHH000412: Hibernate ORM core version 6.5.2.Final
Jul 15, 2024 12:57:33 PM org.hibernate.cache.internal.RegionFactoryInitiator initiateService
INFO: HHH000026: Second-level cache disabled
Jul 15, 2024 12:57:33 PM org.hibernate.engine.jdbc.connections.internal.DriverManagerConnectionProviderImpl configure
WARN: HHH10001002: Using built-in connection pool (not intended for production use)
Jul 15, 2024 12:57:33 PM org.hibernate.engine.jdbc.connections.internal.DriverManagerConnectionProviderImpl buildCreator
INFO: HHH10001005: Loaded JDBC driver class: org.postgresql.Driver
Jul 15, 2024 12:57:33 PM org.hibernate.engine.jdbc.connections.internal.DriverManagerConnectionProviderImpl buildCreator
INFO: HHH10001012: Connecting with JDBC URL [jdbc:postgresql://localhost/postgres]
Jul 15, 2024 12:57:33 PM org.hibernate.engine.jdbc.connections.internal.DriverManagerConnectionProviderImpl buildCreator
INFO: HHH10001001: Connection properties: {password=****, user=postgres}
Jul 15, 2024 12:57:33 PM org.hibernate.engine.jdbc.connections.internal.DriverManagerConnectionProviderImpl buildCreator
INFO: HHH10001003: Autocommit mode: false
Jul 15, 2024 12:57:33 PM org.hibernate.engine.jdbc.connections.internal.DriverManagerConnectionProviderImpl$PooledConnections <init>
INFO: HHH10001115: Connection pool size: 3 (min=1)
Jul 15, 2024 12:57:34 PM org.hibernate.resource.transaction.backend.jdbc.internal.DdlTransactionIsolatorNonJtaImpl getIsolatedConnection
INFO: HHH10001501: Connection obtained from JdbcConnectionAccess [org.hibernate.engine.jdbc.env.internal.JdbcEnvironmentInitiator$ConnectionProviderJdbcConnectionAccess@643ecfef] for (non-JTA) DDL execution was not in auto-commit mode; the Connection 'local transaction' will be committed and the Connection will be set into auto-commit mode.
Jul 15, 2024 12:57:34 PM org.hibernate.engine.jdbc.connections.internal.DriverManagerConnectionProviderImpl$PoolState stop
INFO: HHH10001008: Cleaning up connection pool [jdbc:postgresql://localhost/postgres]
]]></system-err>
</testsuite>
